[2026-04-13T16:44:57.882Z] Starting dev server with command: pnpm run dev
[2026-04-13T16:44:58.713Z] 
[2026-04-13T16:44:58.714Z] > fitness-app@1.0.0 dev /home/ubuntu/fitness-app
[2026-04-13T16:44:58.714Z] > vite --host
[2026-04-13T16:44:58.715Z] 
[2026-04-13T16:44:59.289Z] 
[2026-04-13T16:44:59.289Z] VITE v7.1.9  ready in 540 ms
[2026-04-13T16:44:59.290Z] 
[2026-04-13T16:44:59.290Z] ➜  Local:   http://localhost:3000/
[2026-04-13T16:44:59.291Z] ➜  Network: http://169.254.0.21:3000/
[2026-04-13T16:48:11.130Z] 12:48:11 PM [vite] vite.config.ts changed, restarting server...
[2026-04-13T16:48:11.154Z] failed to load config from /home/ubuntu/fitness-app/vite.config.ts
[2026-04-13T16:48:11.155Z] 12:48:11 PM [vite] The requested module 'file:///home/ubuntu/fitness-app/node_modules/.pnpm/vite-plugin-manus-runtime@0.0.57/node_modules/vite-plugin-manus-runtime/dist/index.js' does not provide an export named 'default'
[2026-04-13T16:48:11.155Z] 12:48:11 PM [vite] server restart failed
[2026-04-13T16:48:29.890Z] 12:48:29 PM [vite] vite.config.ts changed, restarting server...
[2026-04-13T16:48:29.907Z] failed to load config from /home/ubuntu/fitness-app/vite.config.ts
[2026-04-13T16:48:29.908Z] 12:48:29 PM [vite] jscPlugin is not a function
[2026-04-13T16:48:29.909Z] 12:48:29 PM [vite] server restart failed
[2026-04-13T16:48:42.070Z] 12:48:42 PM [vite] vite.config.ts changed, restarting server...
[2026-04-13T16:48:42.094Z] 12:48:42 PM [vite] (client) Re-optimizing dependencies because vite config has changed
[2026-04-13T16:48:42.124Z] 12:48:42 PM [vite] server restarted.
[2026-04-13T16:48:42.125Z] 
[2026-04-13T16:48:42.125Z] ➜  Local:   http://localhost:5173/fitness-app/
[2026-04-13T16:48:42.126Z] ➜  Network: http://169.254.0.21:5173/fitness-app/
[2026-04-13T16:48:54.499Z] 12:48:54 PM [vite] vite.config.ts changed, restarting server...
[2026-04-13T16:48:54.536Z] 12:48:54 PM [vite] (client) Re-optimizing dependencies because vite config has changed
[2026-04-13T16:48:54.547Z] 12:48:54 PM [vite] server restarted.
[2026-04-13T16:59:47.702Z] 12:59:47 PM [vite] vite.config.ts changed, restarting server...
[2026-04-13T16:59:47.728Z] 12:59:47 PM [vite] server restarted.
[2026-04-13T16:59:47.729Z] 
[2026-04-13T16:59:47.729Z] ➜  Local:   http://localhost:5173/
[2026-04-13T16:59:47.730Z] ➜  Network: http://169.254.0.21:5173/
[2026-04-16T20:49:50.160Z] Starting dev server with command: pnpm run dev
[2026-04-16T20:49:51.013Z] 
[2026-04-16T20:49:51.014Z] > fitness-app@1.0.0 dev /home/ubuntu/fitness-app
[2026-04-16T20:49:51.014Z] > vite --host
[2026-04-16T20:49:51.014Z] 
[2026-04-16T20:49:51.387Z] Port 5173 is in use, trying another one...
[2026-04-16T20:49:51.388Z] 
[2026-04-16T20:49:51.389Z] VITE v7.1.9  ready in 335 ms
[2026-04-16T20:49:51.389Z] 
[2026-04-16T20:49:51.389Z] ➜  Local:   http://localhost:5174/
[2026-04-16T20:49:51.390Z] ➜  Network: http://169.254.0.21:5174/
[2026-04-16T20:52:20.362Z] 4:52:20 PM [vite] vite.config.ts changed, restarting server...
[2026-04-16T20:52:20.393Z] 4:52:20 PM [vite] server restarted.
[2026-04-16T20:52:20.394Z] 
[2026-04-16T20:52:20.394Z] ➜  Local:   http://localhost:5174/fitness-app/
[2026-04-16T20:52:20.395Z] ➜  Network: http://169.254.0.21:5174/fitness-app/
[2026-04-16T20:58:21.761Z] 4:58:21 PM [vite] vite.config.ts changed, restarting server...
[2026-04-16T20:58:21.762Z] 4:58:21 PM [vite] (client) page reload index.html
[2026-04-16T20:58:21.774Z] 4:58:21 PM [vite] server restarted.
[2026-04-16T20:58:21.775Z] 
[2026-04-16T20:58:21.776Z] ➜  Local:   http://localhost:5174/
[2026-04-16T20:58:21.776Z] ➜  Network: http://169.254.0.21:5174/
